<?xml version="1.0" encoding="UTF-8"?>
<!-- Generated by org.testng.reporters.JUnitXMLReporter -->
<testsuite ignored="0" hostname="DESKTOP-PPODBDV" failures="0" tests="10" name="Surefire test" time="26.561" errors="0" timestamp="2024-11-23T16:23:31 IST">
  <testcase classname="api.test.DDTests" name="testPostuser" time="5.513"/>
  <testcase classname="api.test.DDTests" name="testPostuser" time="1.56"/>
  <testcase classname="api.test.DDTests" name="testPostuser" time="1.548"/>
  <testcase classname="api.test.DDTests" name="testDeleteUserByName" time="1.518"/>
  <testcase classname="api.test.DDTests" name="testDeleteUserByName" time="1.595"/>
  <testcase classname="api.test.DDTests" name="testDeleteUserByName" time="1.586"/>
  <testcase classname="api.test.UserTests" name="testPostUser" time="1.919"/>
  <testcase classname="api.test.UserTests" name="testGetUserByName" time="1.527"/>
  <testcase classname="api.test.UserTests" name="testUpdateUserByName" time="3.112"/>
  <testcase classname="api.test.UserTests" name="testDeleteUserByName" time="1.483"/>
</testsuite> <!-- Surefire test -->
