<?xml version="1.0" encoding="UTF-8"?>
<!-- Generated by org.testng.reporters.JUnitXMLReporter -->
<testsuite ignored="0" hostname="VE23082022-J38H" failures="0" tests="10" name="Surefire test" time="15.121" errors="0" timestamp="2024-11-20T17:55:24 IST">
  <testcase classname="api.test.DDTests" name="testPostuser" time="2.485"/>
  <testcase classname="api.test.DDTests" name="testPostuser" time="1.167"/>
  <testcase classname="api.test.DDTests" name="testPostuser" time="1.139"/>
  <testcase classname="api.test.DDTests" name="testDeleteUserByName" time="1.121"/>
  <testcase classname="api.test.DDTests" name="testDeleteUserByName" time="1.147"/>
  <testcase classname="api.test.DDTests" name="testDeleteUserByName" time="1.093"/>
  <testcase classname="api.test.UserTests" name="testPostUser" time="1.185"/>
  <testcase classname="api.test.UserTests" name="testGetUserByName" time="1.126"/>
  <testcase classname="api.test.UserTests" name="testUpdateUserByName" time="2.208"/>
  <testcase classname="api.test.UserTests" name="testDeleteUserByName" time="1.166"/>
</testsuite> <!-- Surefire test -->
