<?xml version="1.0" encoding="UTF-8"?>
<!-- Generated by org.testng.reporters.JUnitXMLReporter -->
<testsuite ignored="0" hostname="VE23082022-J38H" failures="0" tests="4" name="Default test" time="7.473" errors="0" timestamp="2024-11-20T16:23:21 IST">
  <testcase classname="api.test.UserTests2" name="testPostUser" time="2.294"/>
  <testcase classname="api.test.UserTests2" name="testGetUserByName" time="1.177"/>
  <testcase classname="api.test.UserTests2" name="testUpdateUserByName" time="2.266"/>
  <testcase classname="api.test.UserTests2" name="testDeleteUserByName" time="1.148"/>
</testsuite> <!-- Default test -->
