<?xml version="1.0" encoding="UTF-8"?>
<testsuite xmlns:xsi="http://www.w3.org/2001/XMLSchema-instance" xsi:noNamespaceSchemaLocation="https://maven.apache.org/surefire/maven-surefire-plugin/xsd/surefire-test-report.xsd" version="3.0.2" name="TestSuite" time="27.323" tests="10" errors="0" skipped="0" failures="0">
  <properties>
[...]
</properties>
  <testcase name="testPostuser[1010, testuser1, John, Canedy, a@gmail.com, test@1, 1234567897](1)" classname="api.test.DDTests" time="5.511">
    <system-err><![CDATA[SLF4J: Failed to load class "org.slf4j.impl.StaticLoggerBinder".
SLF4J: Defaulting to no-operation (NOP) logger implementation
SLF4J: See http://www.slf4j.org/codes.html#StaticLoggerBinder for further details.
]]></system-err>
  </testcase>
  <testcase name="testPostuser[1020, testuser2, Kim, Kom, b@gmail.com, test@2, 1234567897](2)" classname="api.test.DDTests" time="1.558"/>
  <testcase name="testPostuser[1030, testuser3, Smith, Steve, c@gmail.com, test@3, 1234567897](3)" classname="api.test.DDTests" time="1.549"/>
  <testcase name="testDeleteUserByName[testuser1](1)" classname="api.test.DDTests" time="1.52"/>
  <testcase name="testDeleteUserByName[testuser2](2)" classname="api.test.DDTests" time="1.595"/>
  <testcase name="testDeleteUserByName[testuser3](3)" classname="api.test.DDTests" time="1.586"/>
  <testcase name="testPostUser" classname="api.test.UserTests" time="1.921">
    <system-out><![CDATA[HTTP/1.1 200 OK
Date: Sat, 23 Nov 2024 10:53:23 GMT
Content-Type: application/json
Transfer-Encoding: chunked
Connection: keep-alive
Access-Control-Allow-Origin: *
Access-Control-Allow-Methods: GET, POST, DELETE, PUT
Access-Control-Allow-Headers: Content-Type, api_key, Authorization
Server: Jetty(9.2.9.v20150224)

{
    "code": 200,
    "type": "unknown",
    "message": "1170803205"
}
]]></system-out>
  </testcase>
  <testcase name="testGetUserByName" classname="api.test.UserTests" time="1.532">
    <system-out><![CDATA[HTTP/1.1 200 OK
Date: Sat, 23 Nov 2024 10:53:24 GMT
Content-Type: application/json
Transfer-Encoding: chunked
Connection: keep-alive
Access-Control-Allow-Origin: *
Access-Control-Allow-Methods: GET, POST, DELETE, PUT
Access-Control-Allow-Headers: Content-Type, api_key, Authorization
Server: Jetty(9.2.9.v20150224)

{
    "id": 1170803205,
    "username": "jerald.schamberger",
    "firstName": "Damien",
    "lastName": "Conn",
    "email": "arline.raynor@example.com",
    "password": "hjc9uqg",
    "phone": "815.132.4404",
    "userStatus": 0
}
]]></system-out>
  </testcase>
  <testcase name="testUpdateUserByName" classname="api.test.UserTests" time="3.107">
    <system-out><![CDATA[{
    "code": 200,
    "type": "unknown",
    "message": "1170803205"
}
]]></system-out>
  </testcase>
  <testcase name="testDeleteUserByName" classname="api.test.UserTests" time="1.483"/>
</testsuite>